-------------------------------------------------------------------------------
Test set: com.epam.automation.ivanfan.AutomationFramework.Runner.GMailTest
-------------------------------------------------------------------------------
Tests run: 4, Failures: 1, Errors: 0, Skipped: 3, Time elapsed: 0.5 sec <<< FAILURE!
startBrowser(com.epam.automation.ivanfan.AutomationFramework.Runner.GMailTest)  Time elapsed: 0.315 sec  <<< FAILURE!
java.lang.IllegalStateException: The path to the driver executable must be set by the webdriver.chrome.driver system property; for more information, see https://github.com/SeleniumHQ/selenium/wiki/ChromeDriver. The latest version can be downloaded from http://chromedriver.storage.googleapis.com/index.html
	at com.google.common.base.Preconditions.checkState(Preconditions.java:197)
	at org.openqa.selenium.remote.service.DriverService.findExecutable(DriverService.java:109)
	at org.openqa.selenium.chrome.ChromeDriverService.access$000(ChromeDriverService.java:32)
	at org.openqa.selenium.chrome.ChromeDriverService$Builder.findDefaultExecutable(ChromeDriverService.java:137)
	at org.openqa.selenium.remote.service.DriverService$Builder.build(DriverService.java:296)
	at org.openqa.selenium.chrome.ChromeDriverService.createDefaultService(ChromeDriverService.java:88)
	at org.openqa.selenium.chrome.ChromeDriver.<init>(ChromeDriver.java:116)
	at com.epam.automation.ivanfan.AutomationFramework.Pages.WebDriverSingleton.getWebDriverInstance(WebDriverSingleton.java:16)
	at com.epam.automation.ivanfan.AutomationFramework.Pages.BasePage.<init>(BasePage.java:18)
	at com.epam.automation.ivanfan.AutomationFramework.Runner.GMailTest.startBrowser(GMailTest.java:30)

