<?xml version="1.0" encoding="UTF-8"?>
<!-- Generated by org.testng.reporters.JUnitXMLReporter -->
<testsuite hostname="EPCNSZXW0095" name="Command line test" tests="1" failures="0" timestamp="25 Oct 2016 03:37:11 GMT" time="0.075" errors="0">
  <testcase name="@BeforeClass startBrowser" time="0.0" classname="com.epam.automation.ivanfan.AutomationFramework.Runner.GMailTest">
    <failure type="java.lang.IllegalStateException" message="The path to the driver executable must be set by the webdriver.chrome.driver system property; for more information, see https://github.com/SeleniumHQ/selenium/wiki/ChromeDriver. The latest version can be downloaded from http://chromedriver.storage.googleapis.com/index.html">
      <![CDATA[java.lang.IllegalStateException: The path to the driver executable must be set by the webdriver.chrome.driver system property; for more information, see https://github.com/SeleniumHQ/selenium/wiki/ChromeDriver. The latest version can be downloaded from http://chromedriver.storage.googleapis.com/index.html
	at com.google.common.base.Preconditions.checkState(Preconditions.java:197)
	at org.openqa.selenium.remote.service.DriverService.findExecutable(DriverService.java:109)
	at org.openqa.selenium.chrome.ChromeDriverService.access$000(ChromeDriverService.java:32)
	at org.openqa.selenium.chrome.ChromeDriverService$Builder.findDefaultExecutable(ChromeDriverService.java:137)
	at org.openqa.selenium.remote.service.DriverService$Builder.build(DriverService.java:296)
	at org.openqa.selenium.chrome.ChromeDriverService.createDefaultService(ChromeDriverService.java:88)
	at org.openqa.selenium.chrome.ChromeDriver.<init>(ChromeDriver.java:116)
	at com.epam.automation.ivanfan.AutomationFramework.Pages.WebDriverSingleton.getWebDriverInstance(WebDriverSingleton.java:16)
	at com.epam.automation.ivanfan.AutomationFramework.Pages.BasePage.<init>(BasePage.java:18)
	at com.epam.automation.ivanfan.AutomationFramework.Runner.GMailTest.startBrowser(GMailTest.java:30)
... Removed 33 stack frames]]>
    </failure>
  </testcase> <!-- @BeforeClass startBrowser -->
  <testcase name="@BeforeClass addImplicitly" time="0.0" classname="com.epam.automation.ivanfan.AutomationFramework.Runner.GMailTest">
    <skipped/>
  </testcase> <!-- @BeforeClass addImplicitly -->
  <testcase name="@AfterClass stopBrowser" time="0.0" classname="com.epam.automation.ivanfan.AutomationFramework.Runner.GMailTest">
    <skipped/>
  </testcase> <!-- @AfterClass stopBrowser -->
  <testcase name="testGMail" time="0.001" classname="com.epam.automation.ivanfan.AutomationFramework.Runner.GMailTest">
    <skipped/>
  </testcase> <!-- testGMail -->
</testsuite> <!-- Command line test -->
